#! /usr/bin/vvp
:ivl_version "10.3 (stable)" "(v10_3)";
:ivl_delay_selection "TYPICAL";
:vpi_time_precision - 10;
:vpi_module "system";
:vpi_module "vhdl_sys";
:vpi_module "v2005_math";
:vpi_module "va_math";
S_0x5628f009a5a0 .scope module, "registers" "registers" 2 6;
 .timescale 0 0;
    .port_info 0 /INPUT 1 "clk"
    .port_info 1 /INPUT 1 "rst"
    .port_info 2 /INPUT 2 "r1"
    .port_info 3 /INPUT 2 "r2"
    .port_info 4 /INPUT 3 "w1"
    .port_info 5 /INPUT 32 "w"
    .port_info 6 /OUTPUT 32 "v1"
    .port_info 7 /OUTPUT 32 "v2"
P_0x5628f0097b90 .param/l "N" 0 2 16, +C4<00000000000000000000000000100000>;
o0x7f35ea5ee018 .functor BUFZ 1, C4<z>; HiZ drive
v0x5628f0061250_0 .net "clk", 0 0, o0x7f35ea5ee018;  0 drivers
v0x5628f00af350_0 .var/i "i", 31 0;
o0x7f35ea5ee078 .functor BUFZ 2, C4<zz>; HiZ drive
v0x5628f00af430_0 .net "r1", 1 0, o0x7f35ea5ee078;  0 drivers
o0x7f35ea5ee0a8 .functor BUFZ 2, C4<zz>; HiZ drive
v0x5628f00af4f0_0 .net "r2", 1 0, o0x7f35ea5ee0a8;  0 drivers
v0x5628f00af5d0 .array "regs", 0 3, 32 0;
o0x7f35ea5ee0d8 .functor BUFZ 1, C4<z>; HiZ drive
v0x5628f00af6e0_0 .net "rst", 0 0, o0x7f35ea5ee0d8;  0 drivers
v0x5628f00af7a0_0 .var "v1", 31 0;
v0x5628f00af880_0 .var "v2", 31 0;
o0x7f35ea5ee168 .functor BUFZ 32, C4<zzzzzzzzzzzzzzzzzzzzzzzzzzzzzzzz>; HiZ drive
v0x5628f00af960_0 .net "w", 31 0, o0x7f35ea5ee168;  0 drivers
o0x7f35ea5ee198 .functor BUFZ 3, C4<zzz>; HiZ drive
v0x5628f00afa40_0 .net "w1", 2 0, o0x7f35ea5ee198;  0 drivers
E_0x5628f0061890/0 .event negedge, v0x5628f00af6e0_0;
E_0x5628f0061890/1 .event posedge, v0x5628f0061250_0;
E_0x5628f0061890 .event/or E_0x5628f0061890/0, E_0x5628f0061890/1;
S_0x5628f0061030 .scope module, "test_registers" "test_registers" 3 4;
 .timescale -9 -10;
P_0x5628f00611b0 .param/l "N" 0 3 5, +C4<00000000000000000000000000100000>;
v0x5628f00afc20_0 .var "clk", 0 0;
v0x5628f00afd00_0 .var "r1", 1 0;
v0x5628f00afde0_0 .var "r2", 1 0;
v0x5628f00afea0_0 .var "rst", 0 0;
v0x5628f00aff60_0 .var "w", 31 0;
v0x5628f00b0040_0 .var "w1", 2 0;
    .scope S_0x5628f009a5a0;
T_0 ;
    %wait E_0x5628f0061890;
    %load/vec4 v0x5628f00af6e0_0;
    %flag_set/vec4 8;
    %jmp/0xz  T_0.0, 8;
    %pushi/vec4 0, 0, 32;
    %store/vec4 v0x5628f00af350_0, 0, 32;
T_0.2 ;
    %load/vec4 v0x5628f00af350_0;
    %cmpi/s 4, 0, 32;
    %jmp/0xz T_0.3, 5;
    %pushi/vec4 0, 0, 33;
    %ix/getv/s 3, v0x5628f00af350_0;
    %ix/load 4, 0, 0; Constant delay
    %assign/vec4/a/d v0x5628f00af5d0, 0, 4;
    %load/vec4 v0x5628f00af350_0;
    %pushi/vec4 1, 0, 32;
    %add;
    %store/vec4 v0x5628f00af350_0, 0, 32;
    %jmp T_0.2;
T_0.3 ;
T_0.0 ;
    %load/vec4 v0x5628f00afa40_0;
    %parti/s 1, 2, 3;
    %pad/u 32;
    %cmpi/e 0, 0, 32;
    %jmp/0xz  T_0.4, 4;
    %load/vec4 v0x5628f00af960_0;
    %pad/u 33;
    %load/vec4 v0x5628f00afa40_0;
    %pad/u 4;
    %ix/vec4 3;
    %ix/load 4, 0, 0; Constant delay
    %assign/vec4/a/d v0x5628f00af5d0, 0, 4;
T_0.4 ;
    %load/vec4 v0x5628f00af430_0;
    %pad/u 4;
    %ix/vec4 4;
    %load/vec4a v0x5628f00af5d0, 4;
    %pad/u 32;
    %assign/vec4 v0x5628f00af7a0_0, 0;
    %load/vec4 v0x5628f00af4f0_0;
    %pad/u 4;
    %ix/vec4 4;
    %load/vec4a v0x5628f00af5d0, 4;
    %pad/u 32;
    %assign/vec4 v0x5628f00af880_0, 0;
    %jmp T_0;
    .thread T_0;
    .scope S_0x5628f0061030;
T_1 ;
    %delay 1000, 0;
    %load/vec4 v0x5628f00afc20_0;
    %nor/r;
    %assign/vec4 v0x5628f00afc20_0, 0;
    %jmp T_1;
    .thread T_1;
    .scope S_0x5628f0061030;
T_2 ;
    %vpi_call 3 20 "$dumpfile", "register_test.vcd" {0 0 0};
    %vpi_call 3 21 "$dumpvars", 32'sb00000000000000000000000000000000, S_0x5628f0061030 {0 0 0};
    %delay 10, 0;
    %pushi/vec4 0, 0, 1;
    %store/vec4 v0x5628f00afea0_0, 0, 1;
    %pushi/vec4 0, 0, 1;
    %store/vec4 v0x5628f00afc20_0, 0, 1;
    %pushi/vec4 0, 0, 2;
    %store/vec4 v0x5628f00afd00_0, 0, 2;
    %pushi/vec4 0, 0, 2;
    %store/vec4 v0x5628f00afde0_0, 0, 2;
    %pushi/vec4 0, 0, 3;
    %store/vec4 v0x5628f00b0040_0, 0, 3;
    %pushi/vec4 0, 0, 32;
    %store/vec4 v0x5628f00aff60_0, 0, 32;
    %delay 100, 0;
    %pushi/vec4 1, 0, 1;
    %store/vec4 v0x5628f00afea0_0, 0, 1;
    %pushi/vec4 3, 0, 3;
    %assign/vec4 v0x5628f00b0040_0, 0;
    %pushi/vec4 4294967295, 0, 32;
    %assign/vec4 v0x5628f00aff60_0, 0;
    %delay 100, 0;
    %pushi/vec4 3, 0, 2;
    %assign/vec4 v0x5628f00afd00_0, 0;
    %pushi/vec4 4, 0, 3;
    %assign/vec4 v0x5628f00b0040_0, 0;
    %delay 100, 0;
    %vpi_call 3 44 "$finish" {0 0 0};
    %end;
    .thread T_2;
# The file index is used to find the file name in the following table.
:file_names 4;
    "N/A";
    "<interactive>";
    "modules/registers.v";
    "testbenches/registers.v";
